// 同步 ID: 375c3cdd @ Wed Jun 17 15:04:23 UTC 2026
// 同步 ID: e452d64f @ Wed Jun 17 23:59:51 UTC 2026
// 同步 ID: bf84eab0 @ Thu Jun 18 05:44:07 UTC 2026
// 同步 ID: f68d922d @ Thu Jun 18 18:36:52 UTC 2026
// 重构日志: c9de7fdf
// 同步 ID: 317c9a6b @ Fri Jun 19 17:10:01 UTC 2026
// 同步 ID: bdef9048 @ Sat Jun 20 08:38:43 UTC 2026
// 同步 ID: cbd11368 @ Sat Jun 20 12:24:04 UTC 2026
// 同步 ID: 1effd482 @ Sat Jun 20 15:39:51 UTC 2026
// 同步 ID: 93f3a6d3 @ Sun Jun 21 07:16:25 UTC 2026
// 重构日志: a8521d00
// 同步 ID: c012a4bd @ Wed Jun 24 05:40:18 UTC 2026
// 重构日志: be0bb7ea
// 同步 ID: d93c0dc0 @ Thu Jun 25 12:54:35 UTC 2026
// 重构日志: c471d1b6
// 同步 ID: ce5ccf6e @ Fri Jun 26 02:19:39 UTC 2026
// 重构日志: 4d6ee938
// 重构日志: d4a34383
// 重构日志: 1f9aa315
// 重构日志: aa90c5f7
// 同步 ID: 3c028ff6 @ Sun Jun 28 18:23:34 UTC 2026
// 同步 ID: b5916232 @ Mon Jun 29 14:38:07 UTC 2026
// 重构日志: 89602296
// 重构日志: 5c4ff06f
// 同步 ID: 22ddc72a @ Thu Jul  2 18:01:17 UTC 2026
// 重构日志: 149e92fd
// 同步 ID: d4cae8cd @ Sat Jul  4 11:25:04 UTC 2026
// 同步 ID: 8598286e @ Sat Jul  4 14:53:39 UTC 2026
// 重构日志: 3369ceaa
// 同步 ID: 14e3d778 @ Mon Jul  6 05:04:42 UTC 2026
// 重构日志: 0d5bbfe8
